2012/10/01 17:57:15 [error] [exception.CException] exception 'CException' with message 'Alias "ext.bootstrap.components.Bootstrap" is invalid. Make sure it points to an existing PHP file.' in /Users/rakeshpaul/Sites/yii/framework/YiiBase.php:318
Stack trace:
#0 /Users/rakeshpaul/Sites/yii/framework/YiiBase.php(198): YiiBase::import('ext.bootstrap.c...', true)
#1 /Users/rakeshpaul/Sites/yii/framework/base/CModule.php(387): YiiBase::createComponent(Array)
#2 /Users/rakeshpaul/Sites/yii/framework/base/CModule.php(493): CModule->getComponent('bootstrap')
#3 /Users/rakeshpaul/Sites/yii/framework/base/CApplication.php(146): CModule->preloadComponents()
#4 /Users/rakeshpaul/Sites/yii/framework/YiiBase.php(127): CApplication->__construct('/Users/rakeshpa...')
#5 /Users/rakeshpaul/Sites/yii/framework/YiiBase.php(100): YiiBase::createApplication('CWebApplication', '/Users/rakeshpa...')
#6 /Users/rakeshpaul/Sites/lma/index.php(13): YiiBase::createWebApplication('/Users/rakeshpa...')
#7 {main}
REQUEST_URI=/~rakeshpaul/lma/
---
2012/10/02 10:04:55 [error] [php] date() [<a href='function.date'>function.date</a>]: It is not safe to rely on the system's timezone settings. You are *required* to use the date.timezone setting or the date_default_timezone_set() function. In case you used any of those methods and you are still getting this warning, you most likely misspelled the timezone identifier. We selected 'Asia/Calcutta' for 'IST/5.0/no DST' instead (/Users/rakeshpaul/Sites/lma/protected/views/layouts/main.php:50)
Stack trace:
#0 /Users/rakeshpaul/Sites/yii/framework/web/CBaseController.php(96): SiteController->renderInternal()
#1 /Users/rakeshpaul/Sites/yii/framework/web/widgets/CContentDecorator.php(77): SiteController->renderFile()
#2 /Users/rakeshpaul/Sites/yii/framework/web/widgets/CContentDecorator.php(55): CContentDecorator->decorate()
#3 /Users/rakeshpaul/Sites/yii/framework/web/widgets/COutputProcessor.php(45): CContentDecorator->processOutput()
#4 /Users/rakeshpaul/Sites/yii/framework/web/CBaseController.php(207): CContentDecorator->run()
#5 /Users/rakeshpaul/Sites/yii/framework/web/CBaseController.php(301): SiteController->endWidget()
#6 /Users/rakeshpaul/Sites/lma/protected/views/layouts/column1.php(5): SiteController->endContent()
#7 /Users/rakeshpaul/Sites/yii/framework/web/CBaseController.php(127): require()
#8 /Users/rakeshpaul/Sites/yii/framework/web/CBaseController.php(96): SiteController->renderInternal()
#9 /Users/rakeshpaul/Sites/yii/framework/web/CController.php(785): SiteController->renderFile()
#10 /Users/rakeshpaul/Sites/lma/protected/controllers/SiteController.php(32): SiteController->render()
#11 /Users/rakeshpaul/Sites/yii/framework/web/actions/CInlineAction.php(50): SiteController->actionIndex()
#12 /Users/rakeshpaul/Sites/yii/framework/web/CController.php(309): CInlineAction->runWithParams()
#13 /Users/rakeshpaul/Sites/yii/framework/web/CController.php(287): SiteController->runAction()
#14 /Users/rakeshpaul/Sites/yii/framework/web/CController.php(266): SiteController->runActionWithFilters()
#15 /Users/rakeshpaul/Sites/yii/framework/web/CWebApplication.php(276): SiteController->run()
#16 /Users/rakeshpaul/Sites/yii/framework/web/CWebApplication.php(135): CWebApplication->runController()
#17 /Users/rakeshpaul/Sites/yii/framework/base/CApplication.php(162): CWebApplication->processRequest()
#18 /Users/rakeshpaul/Sites/lma/index.php(13): CWebApplication->run()
REQUEST_URI=/~rakeshpaul/lma/
in /Users/rakeshpaul/Sites/lma/protected/views/layouts/main.php (50)
in /Users/rakeshpaul/Sites/lma/protected/views/layouts/column1.php (5)
in /Users/rakeshpaul/Sites/lma/protected/controllers/SiteController.php (32)
2012/10/02 11:39:11 [error] [php] date() [<a href='function.date'>function.date</a>]: It is not safe to rely on the system's timezone settings. You are *required* to use the date.timezone setting or the date_default_timezone_set() function. In case you used any of those methods and you are still getting this warning, you most likely misspelled the timezone identifier. We selected 'Asia/Calcutta' for 'IST/5.0/no DST' instead (/Users/rakeshpaul/Sites/lma/protected/views/layouts/main.php:50)
Stack trace:
#0 /Users/rakeshpaul/Sites/yii/framework/web/CBaseController.php(96): SiteController->renderInternal()
#1 /Users/rakeshpaul/Sites/yii/framework/web/widgets/CContentDecorator.php(77): SiteController->renderFile()
#2 /Users/rakeshpaul/Sites/yii/framework/web/widgets/CContentDecorator.php(55): CContentDecorator->decorate()
#3 /Users/rakeshpaul/Sites/yii/framework/web/widgets/COutputProcessor.php(45): CContentDecorator->processOutput()
#4 /Users/rakeshpaul/Sites/yii/framework/web/CBaseController.php(207): CContentDecorator->run()
#5 /Users/rakeshpaul/Sites/yii/framework/web/CBaseController.php(301): SiteController->endWidget()
#6 /Users/rakeshpaul/Sites/lma/protected/views/layouts/column1.php(5): SiteController->endContent()
#7 /Users/rakeshpaul/Sites/yii/framework/web/CBaseController.php(127): require()
#8 /Users/rakeshpaul/Sites/yii/framework/web/CBaseController.php(96): SiteController->renderInternal()
#9 /Users/rakeshpaul/Sites/yii/framework/web/CController.php(785): SiteController->renderFile()
#10 /Users/rakeshpaul/Sites/lma/protected/controllers/SiteController.php(32): SiteController->render()
#11 /Users/rakeshpaul/Sites/yii/framework/web/actions/CInlineAction.php(50): SiteController->actionIndex()
#12 /Users/rakeshpaul/Sites/yii/framework/web/CController.php(309): CInlineAction->runWithParams()
#13 /Users/rakeshpaul/Sites/yii/framework/web/CController.php(287): SiteController->runAction()
#14 /Users/rakeshpaul/Sites/yii/framework/web/CController.php(266): SiteController->runActionWithFilters()
#15 /Users/rakeshpaul/Sites/yii/framework/web/CWebApplication.php(276): SiteController->run()
#16 /Users/rakeshpaul/Sites/yii/framework/web/CWebApplication.php(135): CWebApplication->runController()
#17 /Users/rakeshpaul/Sites/yii/framework/base/CApplication.php(162): CWebApplication->processRequest()
#18 /Users/rakeshpaul/Sites/lma/index.php(13): CWebApplication->run()
REQUEST_URI=/~rakeshpaul/lma/
in /Users/rakeshpaul/Sites/lma/protected/views/layouts/main.php (50)
in /Users/rakeshpaul/Sites/lma/protected/views/layouts/column1.php (5)
in /Users/rakeshpaul/Sites/lma/protected/controllers/SiteController.php (32)
2012/10/02 12:02:49 [error] [php] date() [<a href='function.date'>function.date</a>]: It is not safe to rely on the system's timezone settings. You are *required* to use the date.timezone setting or the date_default_timezone_set() function. In case you used any of those methods and you are still getting this warning, you most likely misspelled the timezone identifier. We selected 'Asia/Calcutta' for 'IST/5.0/no DST' instead (/Users/rakeshpaul/Sites/lma/protected/views/layouts/main.php:50)
Stack trace:
#0 /Users/rakeshpaul/Sites/yii/framework/web/CBaseController.php(96): SiteController->renderInternal()
#1 /Users/rakeshpaul/Sites/yii/framework/web/widgets/CContentDecorator.php(77): SiteController->renderFile()
#2 /Users/rakeshpaul/Sites/yii/framework/web/widgets/CContentDecorator.php(55): CContentDecorator->decorate()
#3 /Users/rakeshpaul/Sites/yii/framework/web/widgets/COutputProcessor.php(45): CContentDecorator->processOutput()
#4 /Users/rakeshpaul/Sites/yii/framework/web/CBaseController.php(207): CContentDecorator->run()
#5 /Users/rakeshpaul/Sites/yii/framework/web/CBaseController.php(301): SiteController->endWidget()
#6 /Users/rakeshpaul/Sites/lma/protected/views/layouts/column1.php(5): SiteController->endContent()
#7 /Users/rakeshpaul/Sites/yii/framework/web/CBaseController.php(127): require()
#8 /Users/rakeshpaul/Sites/yii/framework/web/CBaseController.php(96): SiteController->renderInternal()
#9 /Users/rakeshpaul/Sites/yii/framework/web/CController.php(785): SiteController->renderFile()
#10 /Users/rakeshpaul/Sites/lma/protected/controllers/SiteController.php(32): SiteController->render()
#11 /Users/rakeshpaul/Sites/yii/framework/web/actions/CInlineAction.php(50): SiteController->actionIndex()
#12 /Users/rakeshpaul/Sites/yii/framework/web/CController.php(309): CInlineAction->runWithParams()
#13 /Users/rakeshpaul/Sites/yii/framework/web/CController.php(287): SiteController->runAction()
#14 /Users/rakeshpaul/Sites/yii/framework/web/CController.php(266): SiteController->runActionWithFilters()
#15 /Users/rakeshpaul/Sites/yii/framework/web/CWebApplication.php(276): SiteController->run()
#16 /Users/rakeshpaul/Sites/yii/framework/web/CWebApplication.php(135): CWebApplication->runController()
#17 /Users/rakeshpaul/Sites/yii/framework/base/CApplication.php(162): CWebApplication->processRequest()
#18 /Users/rakeshpaul/Sites/lma/index.php(13): CWebApplication->run()
REQUEST_URI=/~rakeshpaul/lma/
in /Users/rakeshpaul/Sites/lma/protected/views/layouts/main.php (50)
in /Users/rakeshpaul/Sites/lma/protected/views/layouts/column1.php (5)
in /Users/rakeshpaul/Sites/lma/protected/controllers/SiteController.php (32)
2012/10/02 12:02:52 [error] [php] date() [<a href='function.date'>function.date</a>]: It is not safe to rely on the system's timezone settings. You are *required* to use the date.timezone setting or the date_default_timezone_set() function. In case you used any of those methods and you are still getting this warning, you most likely misspelled the timezone identifier. We selected 'Asia/Calcutta' for 'IST/5.0/no DST' instead (/Users/rakeshpaul/Sites/lma/protected/views/layouts/main.php:50)
Stack trace:
#0 /Users/rakeshpaul/Sites/yii/framework/web/CBaseController.php(96): SiteController->renderInternal()
#1 /Users/rakeshpaul/Sites/yii/framework/web/widgets/CContentDecorator.php(77): SiteController->renderFile()
#2 /Users/rakeshpaul/Sites/yii/framework/web/widgets/CContentDecorator.php(55): CContentDecorator->decorate()
#3 /Users/rakeshpaul/Sites/yii/framework/web/widgets/COutputProcessor.php(45): CContentDecorator->processOutput()
#4 /Users/rakeshpaul/Sites/yii/framework/web/CBaseController.php(207): CContentDecorator->run()
#5 /Users/rakeshpaul/Sites/yii/framework/web/CBaseController.php(301): SiteController->endWidget()
#6 /Users/rakeshpaul/Sites/lma/protected/views/layouts/column1.php(5): SiteController->endContent()
#7 /Users/rakeshpaul/Sites/yii/framework/web/CBaseController.php(127): require()
#8 /Users/rakeshpaul/Sites/yii/framework/web/CBaseController.php(96): SiteController->renderInternal()
#9 /Users/rakeshpaul/Sites/yii/framework/web/CController.php(785): SiteController->renderFile()
#10 /Users/rakeshpaul/Sites/lma/protected/controllers/SiteController.php(32): SiteController->render()
#11 /Users/rakeshpaul/Sites/yii/framework/web/actions/CInlineAction.php(50): SiteController->actionIndex()
#12 /Users/rakeshpaul/Sites/yii/framework/web/CController.php(309): CInlineAction->runWithParams()
#13 /Users/rakeshpaul/Sites/yii/framework/web/CController.php(287): SiteController->runAction()
#14 /Users/rakeshpaul/Sites/yii/framework/web/CController.php(266): SiteController->runActionWithFilters()
#15 /Users/rakeshpaul/Sites/yii/framework/web/CWebApplication.php(276): SiteController->run()
#16 /Users/rakeshpaul/Sites/yii/framework/web/CWebApplication.php(135): CWebApplication->runController()
#17 /Users/rakeshpaul/Sites/yii/framework/base/CApplication.php(162): CWebApplication->processRequest()
#18 /Users/rakeshpaul/Sites/lma/index.php(13): CWebApplication->run()
REQUEST_URI=/~rakeshpaul/lma/
in /Users/rakeshpaul/Sites/lma/protected/views/layouts/main.php (50)
in /Users/rakeshpaul/Sites/lma/protected/views/layouts/column1.php (5)
in /Users/rakeshpaul/Sites/lma/protected/controllers/SiteController.php (32)
2012/10/02 12:04:10 [error] [php] date() [<a href='function.date'>function.date</a>]: It is not safe to rely on the system's timezone settings. You are *required* to use the date.timezone setting or the date_default_timezone_set() function. In case you used any of those methods and you are still getting this warning, you most likely misspelled the timezone identifier. We selected 'Asia/Calcutta' for 'IST/5.0/no DST' instead (/Users/rakeshpaul/Sites/lma/protected/views/layouts/main.php:50)
Stack trace:
#0 /Users/rakeshpaul/Sites/yii/framework/web/CBaseController.php(96): SiteController->renderInternal()
#1 /Users/rakeshpaul/Sites/yii/framework/web/widgets/CContentDecorator.php(77): SiteController->renderFile()
#2 /Users/rakeshpaul/Sites/yii/framework/web/widgets/CContentDecorator.php(55): CContentDecorator->decorate()
#3 /Users/rakeshpaul/Sites/yii/framework/web/widgets/COutputProcessor.php(45): CContentDecorator->processOutput()
#4 /Users/rakeshpaul/Sites/yii/framework/web/CBaseController.php(207): CContentDecorator->run()
#5 /Users/rakeshpaul/Sites/yii/framework/web/CBaseController.php(301): SiteController->endWidget()
#6 /Users/rakeshpaul/Sites/lma/protected/views/layouts/column1.php(5): SiteController->endContent()
#7 /Users/rakeshpaul/Sites/yii/framework/web/CBaseController.php(127): require()
#8 /Users/rakeshpaul/Sites/yii/framework/web/CBaseController.php(96): SiteController->renderInternal()
#9 /Users/rakeshpaul/Sites/yii/framework/web/CController.php(785): SiteController->renderFile()
#10 /Users/rakeshpaul/Sites/lma/protected/controllers/SiteController.php(32): SiteController->render()
#11 /Users/rakeshpaul/Sites/yii/framework/web/actions/CInlineAction.php(50): SiteController->actionIndex()
#12 /Users/rakeshpaul/Sites/yii/framework/web/CController.php(309): CInlineAction->runWithParams()
#13 /Users/rakeshpaul/Sites/yii/framework/web/CController.php(287): SiteController->runAction()
#14 /Users/rakeshpaul/Sites/yii/framework/web/CController.php(266): SiteController->runActionWithFilters()
#15 /Users/rakeshpaul/Sites/yii/framework/web/CWebApplication.php(276): SiteController->run()
#16 /Users/rakeshpaul/Sites/yii/framework/web/CWebApplication.php(135): CWebApplication->runController()
#17 /Users/rakeshpaul/Sites/yii/framework/base/CApplication.php(162): CWebApplication->processRequest()
#18 /Users/rakeshpaul/Sites/lma/index.php(13): CWebApplication->run()
REQUEST_URI=/~rakeshpaul/lma/
in /Users/rakeshpaul/Sites/lma/protected/views/layouts/main.php (50)
in /Users/rakeshpaul/Sites/lma/protected/views/layouts/column1.php (5)
in /Users/rakeshpaul/Sites/lma/protected/controllers/SiteController.php (32)
2012/10/02 12:04:11 [error] [php] date() [<a href='function.date'>function.date</a>]: It is not safe to rely on the system's timezone settings. You are *required* to use the date.timezone setting or the date_default_timezone_set() function. In case you used any of those methods and you are still getting this warning, you most likely misspelled the timezone identifier. We selected 'Asia/Calcutta' for 'IST/5.0/no DST' instead (/Users/rakeshpaul/Sites/lma/protected/views/layouts/main.php:50)
Stack trace:
#0 /Users/rakeshpaul/Sites/yii/framework/web/CBaseController.php(96): SiteController->renderInternal()
#1 /Users/rakeshpaul/Sites/yii/framework/web/widgets/CContentDecorator.php(77): SiteController->renderFile()
#2 /Users/rakeshpaul/Sites/yii/framework/web/widgets/CContentDecorator.php(55): CContentDecorator->decorate()
#3 /Users/rakeshpaul/Sites/yii/framework/web/widgets/COutputProcessor.php(45): CContentDecorator->processOutput()
#4 /Users/rakeshpaul/Sites/yii/framework/web/CBaseController.php(207): CContentDecorator->run()
#5 /Users/rakeshpaul/Sites/yii/framework/web/CBaseController.php(301): SiteController->endWidget()
#6 /Users/rakeshpaul/Sites/lma/protected/views/layouts/column1.php(5): SiteController->endContent()
#7 /Users/rakeshpaul/Sites/yii/framework/web/CBaseController.php(127): require()
#8 /Users/rakeshpaul/Sites/yii/framework/web/CBaseController.php(96): SiteController->renderInternal()
#9 /Users/rakeshpaul/Sites/yii/framework/web/CController.php(785): SiteController->renderFile()
#10 /Users/rakeshpaul/Sites/lma/protected/controllers/SiteController.php(32): SiteController->render()
#11 /Users/rakeshpaul/Sites/yii/framework/web/actions/CInlineAction.php(50): SiteController->actionIndex()
#12 /Users/rakeshpaul/Sites/yii/framework/web/CController.php(309): CInlineAction->runWithParams()
#13 /Users/rakeshpaul/Sites/yii/framework/web/CController.php(287): SiteController->runAction()
#14 /Users/rakeshpaul/Sites/yii/framework/web/CController.php(266): SiteController->runActionWithFilters()
#15 /Users/rakeshpaul/Sites/yii/framework/web/CWebApplication.php(276): SiteController->run()
#16 /Users/rakeshpaul/Sites/yii/framework/web/CWebApplication.php(135): CWebApplication->runController()
#17 /Users/rakeshpaul/Sites/yii/framework/base/CApplication.php(162): CWebApplication->processRequest()
#18 /Users/rakeshpaul/Sites/lma/index.php(13): CWebApplication->run()
REQUEST_URI=/~rakeshpaul/lma/
in /Users/rakeshpaul/Sites/lma/protected/views/layouts/main.php (50)
in /Users/rakeshpaul/Sites/lma/protected/views/layouts/column1.php (5)
in /Users/rakeshpaul/Sites/lma/protected/controllers/SiteController.php (32)
2012/10/02 12:04:11 [error] [php] date() [<a href='function.date'>function.date</a>]: It is not safe to rely on the system's timezone settings. You are *required* to use the date.timezone setting or the date_default_timezone_set() function. In case you used any of those methods and you are still getting this warning, you most likely misspelled the timezone identifier. We selected 'Asia/Calcutta' for 'IST/5.0/no DST' instead (/Users/rakeshpaul/Sites/lma/protected/views/layouts/main.php:50)
Stack trace:
#0 /Users/rakeshpaul/Sites/yii/framework/web/CBaseController.php(96): SiteController->renderInternal()
#1 /Users/rakeshpaul/Sites/yii/framework/web/widgets/CContentDecorator.php(77): SiteController->renderFile()
#2 /Users/rakeshpaul/Sites/yii/framework/web/widgets/CContentDecorator.php(55): CContentDecorator->decorate()
#3 /Users/rakeshpaul/Sites/yii/framework/web/widgets/COutputProcessor.php(45): CContentDecorator->processOutput()
#4 /Users/rakeshpaul/Sites/yii/framework/web/CBaseController.php(207): CContentDecorator->run()
#5 /Users/rakeshpaul/Sites/yii/framework/web/CBaseController.php(301): SiteController->endWidget()
#6 /Users/rakeshpaul/Sites/lma/protected/views/layouts/column1.php(5): SiteController->endContent()
#7 /Users/rakeshpaul/Sites/yii/framework/web/CBaseController.php(127): require()
#8 /Users/rakeshpaul/Sites/yii/framework/web/CBaseController.php(96): SiteController->renderInternal()
#9 /Users/rakeshpaul/Sites/yii/framework/web/CController.php(785): SiteController->renderFile()
#10 /Users/rakeshpaul/Sites/lma/protected/controllers/SiteController.php(32): SiteController->render()
#11 /Users/rakeshpaul/Sites/yii/framework/web/actions/CInlineAction.php(50): SiteController->actionIndex()
#12 /Users/rakeshpaul/Sites/yii/framework/web/CController.php(309): CInlineAction->runWithParams()
#13 /Users/rakeshpaul/Sites/yii/framework/web/CController.php(287): SiteController->runAction()
#14 /Users/rakeshpaul/Sites/yii/framework/web/CController.php(266): SiteController->runActionWithFilters()
#15 /Users/rakeshpaul/Sites/yii/framework/web/CWebApplication.php(276): SiteController->run()
#16 /Users/rakeshpaul/Sites/yii/framework/web/CWebApplication.php(135): CWebApplication->runController()
#17 /Users/rakeshpaul/Sites/yii/framework/base/CApplication.php(162): CWebApplication->processRequest()
#18 /Users/rakeshpaul/Sites/lma/index.php(13): CWebApplication->run()
REQUEST_URI=/~rakeshpaul/lma/
in /Users/rakeshpaul/Sites/lma/protected/views/layouts/main.php (50)
in /Users/rakeshpaul/Sites/lma/protected/views/layouts/column1.php (5)
in /Users/rakeshpaul/Sites/lma/protected/controllers/SiteController.php (32)
2012/10/02 12:04:12 [error] [php] date() [<a href='function.date'>function.date</a>]: It is not safe to rely on the system's timezone settings. You are *required* to use the date.timezone setting or the date_default_timezone_set() function. In case you used any of those methods and you are still getting this warning, you most likely misspelled the timezone identifier. We selected 'Asia/Calcutta' for 'IST/5.0/no DST' instead (/Users/rakeshpaul/Sites/lma/protected/views/layouts/main.php:50)
Stack trace:
#0 /Users/rakeshpaul/Sites/yii/framework/web/CBaseController.php(96): SiteController->renderInternal()
#1 /Users/rakeshpaul/Sites/yii/framework/web/widgets/CContentDecorator.php(77): SiteController->renderFile()
#2 /Users/rakeshpaul/Sites/yii/framework/web/widgets/CContentDecorator.php(55): CContentDecorator->decorate()
#3 /Users/rakeshpaul/Sites/yii/framework/web/widgets/COutputProcessor.php(45): CContentDecorator->processOutput()
#4 /Users/rakeshpaul/Sites/yii/framework/web/CBaseController.php(207): CContentDecorator->run()
#5 /Users/rakeshpaul/Sites/yii/framework/web/CBaseController.php(301): SiteController->endWidget()
#6 /Users/rakeshpaul/Sites/lma/protected/views/layouts/column1.php(5): SiteController->endContent()
#7 /Users/rakeshpaul/Sites/yii/framework/web/CBaseController.php(127): require()
#8 /Users/rakeshpaul/Sites/yii/framework/web/CBaseController.php(96): SiteController->renderInternal()
#9 /Users/rakeshpaul/Sites/yii/framework/web/CController.php(785): SiteController->renderFile()
#10 /Users/rakeshpaul/Sites/lma/protected/controllers/SiteController.php(32): SiteController->render()
#11 /Users/rakeshpaul/Sites/yii/framework/web/actions/CInlineAction.php(50): SiteController->actionIndex()
#12 /Users/rakeshpaul/Sites/yii/framework/web/CController.php(309): CInlineAction->runWithParams()
#13 /Users/rakeshpaul/Sites/yii/framework/web/CController.php(287): SiteController->runAction()
#14 /Users/rakeshpaul/Sites/yii/framework/web/CController.php(266): SiteController->runActionWithFilters()
#15 /Users/rakeshpaul/Sites/yii/framework/web/CWebApplication.php(276): SiteController->run()
#16 /Users/rakeshpaul/Sites/yii/framework/web/CWebApplication.php(135): CWebApplication->runController()
#17 /Users/rakeshpaul/Sites/yii/framework/base/CApplication.php(162): CWebApplication->processRequest()
#18 /Users/rakeshpaul/Sites/lma/index.php(13): CWebApplication->run()
REQUEST_URI=/~rakeshpaul/lma/
in /Users/rakeshpaul/Sites/lma/protected/views/layouts/main.php (50)
in /Users/rakeshpaul/Sites/lma/protected/views/layouts/column1.php (5)
in /Users/rakeshpaul/Sites/lma/protected/controllers/SiteController.php (32)
2012/10/02 12:04:12 [error] [php] date() [<a href='function.date'>function.date</a>]: It is not safe to rely on the system's timezone settings. You are *required* to use the date.timezone setting or the date_default_timezone_set() function. In case you used any of those methods and you are still getting this warning, you most likely misspelled the timezone identifier. We selected 'Asia/Calcutta' for 'IST/5.0/no DST' instead (/Users/rakeshpaul/Sites/lma/protected/views/layouts/main.php:50)
Stack trace:
#0 /Users/rakeshpaul/Sites/yii/framework/web/CBaseController.php(96): SiteController->renderInternal()
#1 /Users/rakeshpaul/Sites/yii/framework/web/widgets/CContentDecorator.php(77): SiteController->renderFile()
#2 /Users/rakeshpaul/Sites/yii/framework/web/widgets/CContentDecorator.php(55): CContentDecorator->decorate()
#3 /Users/rakeshpaul/Sites/yii/framework/web/widgets/COutputProcessor.php(45): CContentDecorator->processOutput()
#4 /Users/rakeshpaul/Sites/yii/framework/web/CBaseController.php(207): CContentDecorator->run()
#5 /Users/rakeshpaul/Sites/yii/framework/web/CBaseController.php(301): SiteController->endWidget()
#6 /Users/rakeshpaul/Sites/lma/protected/views/layouts/column1.php(5): SiteController->endContent()
#7 /Users/rakeshpaul/Sites/yii/framework/web/CBaseController.php(127): require()
#8 /Users/rakeshpaul/Sites/yii/framework/web/CBaseController.php(96): SiteController->renderInternal()
#9 /Users/rakeshpaul/Sites/yii/framework/web/CController.php(785): SiteController->renderFile()
#10 /Users/rakeshpaul/Sites/lma/protected/controllers/SiteController.php(32): SiteController->render()
#11 /Users/rakeshpaul/Sites/yii/framework/web/actions/CInlineAction.php(50): SiteController->actionIndex()
#12 /Users/rakeshpaul/Sites/yii/framework/web/CController.php(309): CInlineAction->runWithParams()
#13 /Users/rakeshpaul/Sites/yii/framework/web/CController.php(287): SiteController->runAction()
#14 /Users/rakeshpaul/Sites/yii/framework/web/CController.php(266): SiteController->runActionWithFilters()
#15 /Users/rakeshpaul/Sites/yii/framework/web/CWebApplication.php(276): SiteController->run()
#16 /Users/rakeshpaul/Sites/yii/framework/web/CWebApplication.php(135): CWebApplication->runController()
#17 /Users/rakeshpaul/Sites/yii/framework/base/CApplication.php(162): CWebApplication->processRequest()
#18 /Users/rakeshpaul/Sites/lma/index.php(13): CWebApplication->run()
REQUEST_URI=/~rakeshpaul/lma/
in /Users/rakeshpaul/Sites/lma/protected/views/layouts/main.php (50)
in /Users/rakeshpaul/Sites/lma/protected/views/layouts/column1.php (5)
in /Users/rakeshpaul/Sites/lma/protected/controllers/SiteController.php (32)
